

==================================================================================================================================

2016-11-06 20:16:11.612117|INFO    |              |   |TeamSpeak 3 Client 3.0.19.4 (2016-07-14 10:16:58)
2016-11-06 20:16:11.612117|INFO    |              |   |SystemInformation: Windows 10 (14393) x64 (AMD or Intel) Binary: 64bit
2016-11-06 20:16:11.612117|INFO    |              |   |Using hardware aes
2016-11-06 20:16:11.622144|DEBUG   |Direct Sound  |   |setting timer resolution to 1ms
2016-11-06 20:16:11.666261|INFO    |              |   |Loading plugin: sinusbot_plugin
2016-11-06 20:16:11.870805|DEVELOP |Windows Audio Session|   |DeviceDeleteList::waitForDeletes - enter
2016-11-06 20:16:11.870805|DEVELOP |Windows Audio Session|   |DeviceDeleteList::waitForDeletes - leave
2016-11-06 20:16:11.904395|INFO    |              |   |*** Time [SERVERVIEWMANAGER]: 127
2016-11-06 20:16:11.946005|INFO    |Input         |   |Default monitoring enabled
2016-11-06 20:16:11.962056|INFO    |              |   |*** Time [MAINWINDOW]: 353
2016-11-06 20:16:11.962549|INFO    |              |   |*** Time [INIT]: 354
2016-11-06 20:16:11.975584|INFO    |ClientUI      |   |Qt version: 5.5.1
2016-11-06 20:16:11.975584|INFO    |ClientUI      |   |Using configuration location: C:\SinusBot\data\/ts3/1248dacf-08cf-4a1f-8e2d-115c8cc7a2ef/87397633-a296-429c-8df0-958c09e44a4c/\settings.db
2016-11-06 20:16:12.262848|INFO    |ClientUI      |   |ts3server: 63.251.20.99?port=17000&nickname=_i%20hate%20niggers&password=&channel=&channelpassword=
2016-11-06 20:16:12.263349|INFO    |ClientUI      |1  |Connect to server: 63.251.20.99
2016-11-06 20:16:12.264853|INFO    |ClientUI      |1  |Blacklist check ok
2016-11-06 20:16:12.264853|INFO    |ClientUI      |1  |Initiating connection: 63.251.20.99:17000 63.251.20.99
2016-11-06 20:16:12.385675|DEVELOP |Windows Audio Session|   |DeviceDeleteList::waitForDeletes - enter
2016-11-06 20:16:12.385675|DEVELOP |Windows Audio Session|   |DeviceDeleteList::waitForDeletes - leave
2016-11-06 20:16:12.518528|DEVELOP |Windows Audio Session|   |DeviceDeleteList::waitForDeletes - enter
2016-11-06 20:16:12.518528|DEVELOP |Windows Audio Session|   |DeviceDeleteList::waitForDeletes - leave
2016-11-06 20:16:12.519030|INFO    |PreProSpeex   |1  |Speex version: speex-1.2beta3
2016-11-06 20:16:12.596235|INFO    |ClientUI      |   |Last update check was: Sun Jan 1 00:00:01 2017
2016-11-06 20:16:12.596736|INFO    |              |   |Statistics report: Not yet, next report on Fri Nov 25 13:37:58 2016
2016-11-06 20:16:12.596736|INFO    |ClientUI      |1  |Connect status: Connecting
2016-11-06 20:16:12.739158|DEVELOP |PktHandler    |   |Puzzle solve time: 6
2016-11-06 20:16:13.085035|INFO    |Newsticker    |   |Newsticker next check: Sun Jan 1 00:00:01 2017
2016-11-06 20:16:13.087542|INFO    |ClientUI      |1  |Connect status: Connected
2016-11-06 20:16:13.089045|INFO    |              |   |Failed to read image C:/SinusBot/data//ts3/1248dacf-08cf-4a1f-8e2d-115c8cc7a2ef/87397633-a296-429c-8df0-958c09e44a4c//cache/remote/68foUjab96rtXBGXsqdtT3X93YYJDmDrPri2vHjGbXyUoVEINjSRWTHahzeNqdqP7loOqrNuOE2WQwSGDr0fnw==
2016-11-06 20:16:14.169421|INFO    |ClientUI      |1  |Connect status: Establishing connection
2016-11-06 20:16:14.184459|INFO    |ClientUI      |1  |Connect status: Connection established
2016-11-06 20:16:14.185463|INFO    |PermManager   |   |Loading permissions from cache
2016-11-06 20:16:14.247627|INFO    |ClientUI      |1  |Ignored text message by _i hate niggers: what up nigga
2016-11-06 20:16:14.310294|INFO    |ClientUI      |1  |Ignored text message by _i hate niggers: what up nigga
2016-11-06 20:16:14.310294|INFO    |ClientUI      |1  |Ignored text message by _i hate niggers: what up nigga
2016-11-06 20:16:14.328843|INFO    |              |   |Failed to read image C:/SinusBot/data//ts3/1248dacf-08cf-4a1f-8e2d-115c8cc7a2ef/87397633-a296-429c-8df0-958c09e44a4c//cache/remote/68foUjab96rtXBGXsqdtT3X93YYJDmDrPri2vHjGbXyUoVEINjSRWTHahzeNqdqP7loOqrNuOE2WQwSGDr0fnw==
2016-11-06 20:16:14.328843|INFO    |              |   |No image, refusing to display
2016-11-06 20:16:14.514838|INFO    |ClientUI      |1  |Ignored text message by _i hate niggers: what up nigga
2016-11-06 20:16:14.514838|INFO    |ClientUI      |1  |Ignored text message by _i hate niggers: what up nigga
2016-11-06 20:16:14.515841|INFO    |ClientUI      |1  |Ignored text message by _i hate niggers: what up nigga
2016-11-06 20:16:14.516343|INFO    |ClientUI      |1  |Ignored text message by _i hate niggers: what up nigga
2016-11-06 20:16:14.683788|WARNING |ClientUI      |   |Error, avatar md5 does not match. Cannot display image.2f4f639a794b1a7057560d4c42bdf5e3 <-> 01c0e4b94d55ab354c5d67886175b8b8
2016-11-06 20:16:21.907510|INFO    |ClientUI      |1  |Ignored text message by Tommy: Cleverbot
2016-11-06 20:16:25.666392|INFO    |ClientUI      |1  |Ignored text message by Tommy: @Cleverbot na
2016-11-06 20:16:30.378927|INFO    |ClientUI      |1  |Ignored text message by Tommy: !cleverbot
2016-11-06 20:16:32.301040|INFO    |ClientUI      |1  |Ignored text message by Chcolatefudge: whaddup
2016-11-06 20:17:02.559678|INFO    |ClientUI      |1  |Ignored text message by Dela: fuck niggers
2016-11-06 20:17:55.478359|INFO    |ClientUI      |1  |Connect status: Disconnected
2016-11-06 20:17:55.478860|INFO    |ClientUI      |1  |Disconnected or forced to leave, want autoreconnect = 0
