

==================================================================================================================================

2016-11-06 20:35:14.720930|INFO    |              |   |TeamSpeak 3 Client 3.0.19.4 (2016-07-14 10:16:58)
2016-11-06 20:35:14.720930|INFO    |              |   |SystemInformation: Windows 10 (14393) x64 (AMD or Intel) Binary: 64bit
2016-11-06 20:35:14.720930|INFO    |              |   |Using hardware aes
2016-11-06 20:35:14.730455|DEBUG   |Direct Sound  |   |setting timer resolution to 1ms
2016-11-06 20:35:14.775575|INFO    |              |   |Loading plugin: sinusbot_plugin
2016-11-06 20:35:14.991650|DEVELOP |Windows Audio Session|   |DeviceDeleteList::waitForDeletes - enter
2016-11-06 20:35:14.991650|DEVELOP |Windows Audio Session|   |DeviceDeleteList::waitForDeletes - leave
2016-11-06 20:35:15.025740|INFO    |              |   |*** Time [SERVERVIEWMANAGER]: 148
2016-11-06 20:35:15.065346|INFO    |Input         |   |Default monitoring enabled
2016-11-06 20:35:15.081388|INFO    |              |   |*** Time [MAINWINDOW]: 364
2016-11-06 20:35:15.081890|INFO    |              |   |*** Time [INIT]: 364
2016-11-06 20:35:15.094924|INFO    |ClientUI      |   |Qt version: 5.5.1
2016-11-06 20:35:15.094924|INFO    |ClientUI      |   |Using configuration location: C:\SinusBot\data\/ts3/1248dacf-08cf-4a1f-8e2d-115c8cc7a2ef/87397633-a296-429c-8df0-958c09e44a4c/\settings.db
2016-11-06 20:35:15.382189|INFO    |ClientUI      |   |ts3server: 63.251.20.99?port=17000&nickname=_i%20hate%20niggers&password=&channel=&channelpassword=
2016-11-06 20:35:15.382691|INFO    |ClientUI      |1  |Connect to server: 63.251.20.99
2016-11-06 20:35:15.384695|INFO    |ClientUI      |1  |Blacklist check ok
2016-11-06 20:35:15.384695|INFO    |ClientUI      |1  |Initiating connection: 63.251.20.99:17000 63.251.20.99
2016-11-06 20:35:15.553143|DEVELOP |Windows Audio Session|   |DeviceDeleteList::waitForDeletes - enter
2016-11-06 20:35:15.554147|DEVELOP |Windows Audio Session|   |DeviceDeleteList::waitForDeletes - leave
2016-11-06 20:35:15.808830|DEVELOP |Windows Audio Session|   |DeviceDeleteList::waitForDeletes - enter
2016-11-06 20:35:15.808830|DEVELOP |Windows Audio Session|   |DeviceDeleteList::waitForDeletes - leave
2016-11-06 20:35:15.809330|INFO    |PreProSpeex   |1  |Speex version: speex-1.2beta3
2016-11-06 20:35:15.960733|INFO    |ClientUI      |   |Last update check was: Sun Jan 1 00:00:01 2017
2016-11-06 20:35:15.961234|INFO    |              |   |Statistics report: Not yet, next report on Fri Nov 25 13:37:58 2016
2016-11-06 20:35:15.961736|INFO    |ClientUI      |1  |Connect status: Connecting
2016-11-06 20:35:16.088073|DEVELOP |PktHandler    |   |Puzzle solve time: 6
2016-11-06 20:35:16.170792|INFO    |Newsticker    |   |Newsticker next check: Sun Jan 1 00:00:01 2017
2016-11-06 20:35:16.333725|INFO    |ClientUI      |1  |Connect status: Connected
2016-11-06 20:35:16.335734|INFO    |              |   |Failed to read image C:/SinusBot/data//ts3/1248dacf-08cf-4a1f-8e2d-115c8cc7a2ef/87397633-a296-429c-8df0-958c09e44a4c//cache/remote/68foUjab96rtXBGXsqdtT3X93YYJDmDrPri2vHjGbXyUoVEINjSRWTHahzeNqdqP7loOqrNuOE2WQwSGDr0fnw==
2016-11-06 20:35:17.433651|INFO    |ClientUI      |1  |Connect status: Establishing connection
2016-11-06 20:35:17.441171|INFO    |ClientUI      |1  |Connect status: Connection established
2016-11-06 20:35:17.442173|INFO    |PermManager   |   |Loading permissions from cache
2016-11-06 20:35:17.607112|INFO    |              |   |Failed to read image C:/SinusBot/data//ts3/1248dacf-08cf-4a1f-8e2d-115c8cc7a2ef/87397633-a296-429c-8df0-958c09e44a4c//cache/remote/68foUjab96rtXBGXsqdtT3X93YYJDmDrPri2vHjGbXyUoVEINjSRWTHahzeNqdqP7loOqrNuOE2WQwSGDr0fnw==
2016-11-06 20:35:17.607112|INFO    |              |   |No image, refusing to display
2016-11-06 20:35:17.671784|INFO    |ClientUI      |1  |Ignored text message by _i hate niggers: what up nigga
2016-11-06 20:35:17.674292|INFO    |ClientUI      |   |Request already running, aborting avatar request
2016-11-06 20:35:17.685320|INFO    |ClientUI      |   |Request already running, aborting avatar request
2016-11-06 20:35:17.771554|INFO    |ClientUI      |1  |Ignored text message by _i hate niggers: what up nigga
2016-11-06 20:35:17.776563|INFO    |ClientUI      |1  |Ignored text message by _i hate niggers: what up nigga
2016-11-06 20:35:17.781576|INFO    |ClientUI      |1  |Ignored text message by _i hate niggers: what up nigga
2016-11-06 20:35:17.811656|INFO    |ClientUI      |1  |Ignored text message by _i hate niggers: what up nigga
2016-11-06 20:35:17.812158|INFO    |ClientUI      |1  |Ignored text message by _i hate niggers: what up nigga
2016-11-06 20:35:17.813160|INFO    |ClientUI      |1  |Ignored text message by _i hate niggers: what up nigga
2016-11-06 20:35:17.936990|WARNING |ClientUI      |   |Error, avatar md5 does not match. Cannot display image.2f4f639a794b1a7057560d4c42bdf5e3 <-> 01c0e4b94d55ab354c5d67886175b8b8
2016-11-06 20:37:46.873447|INFO    |ClientUI      |1  |Ignored text message by _i hate niggers: wadup nigga we now playin: 01. illuminatro.mp3
2016-11-06 20:38:35.296726|INFO    |ClientUI      |1  |Ignored text message by _i hate niggers: wadup nigga we now playin: 02. Flexicution.mp3
2016-11-06 20:40:53.624482|INFO    |ClientUI      |1  |Ignored text message by _i hate niggers: what up nigga
2016-11-06 20:41:17.448065|INFO    |ClientUI      |1  |Ignored text message by Joel: hello?
2016-11-06 20:41:24.995565|INFO    |ClientUI      |1  |Ignored text message by Joel: dafuq is this?
2016-11-06 20:42:14.654772|INFO    |ClientUI      |1  |Ignored text message by _i hate niggers: wadup nigga we now playin: 03. The Jam.mp3
2016-11-06 20:46:13.865509|INFO    |ClientUI      |1  |Ignored text message by _i hate niggers: wadup nigga we now playin: 02. Flexicution.mp3
2016-11-06 20:49:52.693951|INFO    |ClientUI      |1  |Ignored text message by _i hate niggers: wadup nigga we now playin: 01. illuminatro.mp3
2016-11-06 20:50:15.084622|INFO    |              |   |Memory usage: 43.39 MiB
2016-11-06 20:50:41.113011|INFO    |ClientUI      |1  |Ignored text message by _i hate niggers: wadup nigga we now playin: 07. Super Mario World.mp3
2016-11-06 20:53:39.075950|INFO    |ClientUI      |1  |Ignored text message by _i hate niggers: wadup nigga we now playin: 10. Slave.mp3
2016-11-06 20:56:38.953967|INFO    |ClientUI      |1  |Ignored text message by _i hate niggers: wadup nigga we now playin: 04. Slave II.mp3
2016-11-06 20:59:56.114005|INFO    |ClientUI      |1  |Ignored text message by _i hate niggers: wadup nigga we now playin: 06. Wrist (Ft. Pusha T).mp3
2016-11-06 21:01:47.608100|INFO    |ClientUI      |1  |Ignored text message by _i hate niggers: what up nigga
2016-11-06 21:03:22.274476|INFO    |ClientUI      |1  |Ignored text message by _i hate niggers: wadup nigga we now playin: 07. Super Mario World.mp3
2016-11-06 21:03:46.405353|INFO    |ClientUI      |1  |Ignored text message by Oryx: !cr
2016-11-06 21:03:48.141471|INFO    |ClientUI      |1  |Ignored text message by Oryx: !c4
2016-11-06 21:03:51.574468|INFO    |ClientUI      |1  |Ignored text message by Oryx: !c4 join
2016-11-06 21:03:51.635632|INFO    |ClientUI      |1  |Ignored text message by _i hate niggers: [B][COLOR=#1e7f39]There is no game running![/COLOR][/B]
2016-11-06 21:03:58.188062|INFO    |ClientUI      |1  |Ignored text message by Oryx: !c4 start
2016-11-06 21:05:15.082316|INFO    |              |   |Memory usage: 43.84 MiB
2016-11-06 21:06:20.234998|INFO    |ClientUI      |1  |Ignored text message by _i hate niggers: wadup nigga we now playin: 08. Studio Ambience At Night.mp3
2016-11-06 21:07:16.875811|INFO    |ClientUI      |1  |Ignored text message by _i hate niggers: wadup nigga we now playin: 09. 44 Bars.mp3
2016-11-06 21:09:26.714799|INFO    |ClientUI      |1  |Ignored text message by _i hate niggers: what up nigga
2016-11-06 21:10:19.393650|INFO    |ClientUI      |1  |Ignored text message by _i hate niggers: wadup nigga we now playin: 10. Slave.mp3
2016-11-06 21:13:19.274144|INFO    |ClientUI      |1  |Ignored text message by _i hate niggers: wadup nigga we now playin: 11. Deeper Than Money.mp3
2016-11-06 21:17:37.202193|INFO    |ClientUI      |1  |Ignored text message by _i hate niggers: wadup nigga we now playin: 06. Wrist (Ft. Pusha T).mp3
2016-11-06 21:20:15.078983|INFO    |              |   |Memory usage: 43.85 MiB
2016-11-06 21:21:03.315727|INFO    |ClientUI      |1  |Ignored text message by _i hate niggers: wadup nigga we now playin: 08. Studio Ambience At Night.mp3
2016-11-06 21:21:59.955038|INFO    |ClientUI      |1  |Ignored text message by _i hate niggers: wadup nigga we now playin: 04. Slave II.mp3
2016-11-06 21:25:17.117632|INFO    |ClientUI      |1  |Ignored text message by _i hate niggers: wadup nigga we now playin: ScHoolboy Q - Big Body (Ft. Tha Dogg Pound)
2016-11-06 21:29:01.156695|INFO    |ClientUI      |1  |Ignored text message by _i hate niggers: wadup nigga we now playin: ScHoolboy Q - Black THougHts
2016-11-06 21:32:43.818206|INFO    |ClientUI      |1  |Ignored text message by _i hate niggers: wadup nigga we now playin: ScHoolboy Q - Blank Face (Ft. Anderson Paak)
2016-11-06 21:35:15.078355|INFO    |              |   |Memory usage: 44.00 MiB
2016-11-06 21:35:58.217125|INFO    |ClientUI      |1  |Ignored text message by _i hate niggers: wadup nigga we now playin: ScHoolboy Q - By Any Means
2016-11-06 21:39:32.837059|INFO    |ClientUI      |1  |Ignored text message by _i hate niggers: wadup nigga we now playin: G-Eazy - Calm Down
2016-11-06 21:41:40.587561|INFO    |ClientUI      |1  |Ignored text message by _i hate niggers: wadup nigga we now playin: Hopsin - Crown Me
2016-11-06 21:44:46.862658|INFO    |ClientUI      |1  |Ignored text message by _i hate niggers: what up nigga
2016-11-06 21:44:48.471600|INFO    |ClientUI      |1  |Ignored text message by _i hate niggers: what up nigga
2016-11-06 21:46:13.576905|INFO    |ClientUI      |1  |Ignored text message by _i hate niggers: wadup nigga we now playin: G-Eazy - Don&apos;t Let Me Go (feat. Grace)
2016-11-06 21:49:25.277177|INFO    |ClientUI      |1  |Ignored text message by _i hate niggers: wadup nigga we now playin: ScHoolboy Q - Dope Dealer (Ft. E-40)
2016-11-06 21:50:15.078793|INFO    |              |   |Memory usage: 44.71 MiB
2016-11-06 21:53:07.754674|INFO    |ClientUI      |1  |Ignored text message by _i hate niggers: wadup nigga we now playin: G-Eazy - Drifting (feat. Chris Brown &amp; Tory Lanez)
2016-11-06 21:57:41.409735|INFO    |ClientUI      |1  |Ignored text message by _i hate niggers: wadup nigga we now playin: G-Eazy - Everything Will Be OK (feat. Kehlani)
2016-11-06 22:02:53.083421|INFO    |ClientUI      |1  |Ignored text message by _i hate niggers: wadup nigga we now playin: Hopsin - Fly
2016-11-06 22:05:15.078731|INFO    |              |   |Memory usage: 44.64 MiB
2016-11-06 22:07:53.595094|INFO    |ClientUI      |1  |Ignored text message by _i hate niggers: wadup nigga we now playin: G-Eazy - For This (feat. IAMNOBODI)
2016-11-06 22:12:04.466015|INFO    |ClientUI      |1  |Ignored text message by _i hate niggers: wadup nigga we now playin: Hopsin - Forever Ill
2016-11-06 22:12:40.823713|INFO    |ClientUI      |1  |Ignored text message by _i hate niggers: what up nigga
2016-11-06 22:13:32.291138|INFO    |ClientUI      |1  |Ignored text message by Duck On Quack: What did you just call me?
2016-11-06 22:13:38.028901|INFO    |ClientUI      |1  |Ignored text message by Duck On Quack: Is that sexual harrasement?
2016-11-06 22:16:25.349995|INFO    |ClientUI      |1  |Ignored text message by _i hate niggers: wadup nigga we now playin: Hopsin - Fort Collins (Featuring Dizzy Wright)
2016-11-06 22:20:15.079692|INFO    |              |   |Memory usage: 44.84 MiB
2016-11-06 22:20:57.870066|INFO    |ClientUI      |1  |Ignored text message by _i hate niggers: wadup nigga we now playin: Hopsin - FV Till I Die feat. SwizZz
2016-11-06 22:25:51.090672|INFO    |ClientUI      |1  |Ignored text message by _i hate niggers: wadup nigga we now playin: ScHoolboy Q - Groovy Tony _ Eddie Kane (Ft. Jadakiss)
2016-11-06 22:32:11.380478|INFO    |ClientUI      |1  |Ignored text message by _i hate niggers: wadup nigga we now playin: Hopsin - I Just Can&apos;t
2016-11-06 22:35:15.080120|INFO    |              |   |Memory usage: 44.85 MiB
2016-11-06 22:36:34.766601|INFO    |ClientUI      |1  |Ignored text message by _i hate niggers: wadup nigga we now playin: Hopsin - Ill Mind Of Hopsin 7
2016-11-06 22:42:14.490303|INFO    |ClientUI      |1  |Ignored text message by _i hate niggers: wadup nigga we now playin: G-Eazy - Intro (When It&apos;s Dark Out)
2016-11-06 22:43:25.829609|INFO    |ClientUI      |1  |Ignored text message by _i hate niggers: wadup nigga we now playin: ScHoolboy Q - JoHn Muir
2016-11-06 22:47:05.192198|INFO    |ClientUI      |1  |Ignored text message by _i hate niggers: wadup nigga we now playin: ScHoolboy Q - Kno Ya Wrong (Ft. Lance Skiiiwalker)
2016-11-06 22:50:15.079915|INFO    |              |   |Memory usage: 44.85 MiB
2016-11-06 22:52:31.096552|INFO    |ClientUI      |1  |Ignored text message by _i hate niggers: wadup nigga we now playin: ScHoolboy Q - Lord Have Mercy
2016-11-06 22:54:15.688260|INFO    |ClientUI      |1  |Ignored text message by _i hate niggers: wadup nigga we now playin: G-Eazy - Me, Myself &amp; I (feat. Bebe Rexha)
2016-11-06 22:58:27.460579|INFO    |ClientUI      |1  |Ignored text message by _i hate niggers: wadup nigga we now playin: Hopsin - Mr. Jones
2016-11-06 23:01:53.261089|INFO    |ClientUI      |1  |Ignored text message by _i hate niggers: wadup nigga we now playin: Hopsin - My Love
2016-11-06 23:05:15.077974|INFO    |              |   |Memory usage: 44.85 MiB
2016-11-06 23:07:05.840134|INFO    |ClientUI      |1  |Ignored text message by _i hate niggers: wadup nigga we now playin: ScHoolboy Q - Neva CHange (Ft. SZA)
2016-11-06 23:11:36.123222|INFO    |ClientUI      |1  |Ignored text message by _i hate niggers: wadup nigga we now playin: Hopsin - No Fucks Given
2016-11-06 23:13:34.541962|INFO    |ClientUI      |1  |Ignored text message by Tommy: nigger
2016-11-06 23:14:53.136527|INFO    |ClientUI      |1  |Ignored text message by _i hate niggers: undefined
2016-11-06 23:15:21.171099|INFO    |ClientUI      |1  |Ignored text message by _i hate niggers: what up nigga
2016-11-06 23:15:44.035921|INFO    |ClientUI      |1  |Ignored text message by _i hate niggers: wadup nigga we now playin: Hopsin - No Hope
2016-11-06 23:20:15.078671|INFO    |              |   |Memory usage: 45.67 MiB
2016-11-06 23:20:40.211617|INFO    |ClientUI      |1  |Ignored text message by _i hate niggers: wadup nigga we now playin: Hopsin - No Words (Skit)
2016-11-06 23:20:47.658425|INFO    |ClientUI      |1  |Ignored text message by Tommy: !skip
2016-11-06 23:20:47.714575|INFO    |ClientUI      |1  |Ignored text message by _i hate niggers:  -- 1/2 votes to skip current song -- 
2016-11-06 23:20:53.481416|INFO    |ClientUI      |1  |Ignored text message by _i hate niggers: wadup nigga we now playin: G-Eazy - Nothing To Me (feat. E-40 &amp; Keyshia Cole)
2016-11-06 23:22:40.436826|INFO    |ClientUI      |1  |Connect status: Disconnected
2016-11-06 23:22:40.439331|INFO    |ClientUI      |1  |Disconnected or forced to leave, want autoreconnect = 0
