

==================================================================================================================================

2016-11-06 19:24:00.715247|INFO    |              |   |TeamSpeak 3 Client 3.0.19.4 (2016-07-14 10:16:58)
2016-11-06 19:24:00.715746|INFO    |              |   |SystemInformation: Windows 10 (14393) x64 (AMD or Intel) Binary: 64bit
2016-11-06 19:24:00.715746|INFO    |              |   |Using hardware aes
2016-11-06 19:24:00.727274|DEBUG   |Direct Sound  |   |setting timer resolution to 1ms
2016-11-06 19:24:00.775905|INFO    |              |   |Loading plugin: sinusbot_plugin
2016-11-06 19:24:01.025066|DEVELOP |Windows Audio Session|   |DeviceDeleteList::waitForDeletes - enter
2016-11-06 19:24:01.025066|DEVELOP |Windows Audio Session|   |DeviceDeleteList::waitForDeletes - leave
2016-11-06 19:24:01.053643|INFO    |              |   |*** Time [SERVERVIEWMANAGER]: 124
2016-11-06 19:24:01.091244|INFO    |Input         |   |Default monitoring enabled
2016-11-06 19:24:01.107285|INFO    |              |   |*** Time [MAINWINDOW]: 411
2016-11-06 19:24:01.107786|INFO    |              |   |*** Time [INIT]: 413
2016-11-06 19:24:01.120822|INFO    |ClientUI      |   |Qt version: 5.5.1
2016-11-06 19:24:01.120822|INFO    |ClientUI      |   |Using configuration location: C:\SinusBot\data\/ts3/1248dacf-08cf-4a1f-8e2d-115c8cc7a2ef/87397633-a296-429c-8df0-958c09e44a4c/\settings.db
2016-11-06 19:24:01.408085|INFO    |ClientUI      |   |ts3server: 63.251.20.99?port=17000&nickname=SinusBot&password=&channel=&channelpassword=
2016-11-06 19:24:01.408587|INFO    |ClientUI      |1  |Connect to server: 63.251.20.99
2016-11-06 19:24:01.410091|INFO    |ClientUI      |1  |Blacklist check ok
2016-11-06 19:24:01.410091|INFO    |ClientUI      |1  |Initiating connection: 63.251.20.99:17000 63.251.20.99
2016-11-06 19:24:01.604608|DEVELOP |Windows Audio Session|   |DeviceDeleteList::waitForDeletes - enter
2016-11-06 19:24:01.622155|DEVELOP |Windows Audio Session|   |DeviceDeleteList::waitForDeletes - leave
2016-11-06 19:24:01.897387|DEVELOP |Windows Audio Session|   |DeviceDeleteList::waitForDeletes - enter
2016-11-06 19:24:01.897889|DEVELOP |Windows Audio Session|   |DeviceDeleteList::waitForDeletes - leave
2016-11-06 19:24:01.897889|INFO    |PreProSpeex   |1  |Speex version: speex-1.2beta3
2016-11-06 19:24:02.051296|INFO    |ClientUI      |   |Last update check was: Sun Jan 1 00:00:01 2017
2016-11-06 19:24:02.051296|INFO    |ClientUI      |   |Checking for update
2016-11-06 19:24:02.147552|INFO    |Update        |   |Checking for updates...
2016-11-06 19:24:02.171114|DEVELOP |PktHandler    |   |Puzzle solve time: 6
2016-11-06 19:24:03.214891|INFO    |ClientUI      |1  |Connect status: Connecting
2016-11-06 19:24:03.331201|INFO    |Newsticker    |   |Newsticker next check: Sun Jan 1 00:00:01 2017
2016-11-06 19:24:03.331704|INFO    |ClientUI      |1  |Connect status: Connected
2016-11-06 19:24:03.335214|INFO    |              |   |Failed to read image C:/SinusBot/data//ts3/1248dacf-08cf-4a1f-8e2d-115c8cc7a2ef/87397633-a296-429c-8df0-958c09e44a4c//cache/remote/68foUjab96rtXBGXsqdtT3X93YYJDmDrPri2vHjGbXyUoVEINjSRWTHahzeNqdqP7loOqrNuOE2WQwSGDr0fnw==
2016-11-06 19:24:03.353762|INFO    |ClientUI      |1  |Connect status: Establishing connection
2016-11-06 19:24:03.361310|INFO    |ClientUI      |1  |Connect status: Connection established
2016-11-06 19:24:03.362284|INFO    |PermManager   |   |Loading permissions from cache
2016-11-06 19:24:03.497643|INFO    |Update        |   |Check license version: 1
2016-11-06 19:24:03.498647|INFO    |LicenseViewer |   |License language: en
2016-11-06 19:24:03.499147|INFO    |LicenseViewer |   |Found cached license for version 1 and language en
2016-11-06 19:24:03.561313|INFO    |              |   |Failed to read image C:/SinusBot/data//ts3/1248dacf-08cf-4a1f-8e2d-115c8cc7a2ef/87397633-a296-429c-8df0-958c09e44a4c//cache/remote/68foUjab96rtXBGXsqdtT3X93YYJDmDrPri2vHjGbXyUoVEINjSRWTHahzeNqdqP7loOqrNuOE2WQwSGDr0fnw==
2016-11-06 19:24:03.561313|INFO    |              |   |No image, refusing to display
2016-11-06 19:25:32.118009|INFO    |ClientUI      |1  |Ignored text message by Tommy: CMhwf90oh8sIcuXnRI6UCaefzNA=
2016-11-06 19:26:24.145349|INFO    |ClientUI      |1  |Ignored text message by Tommy: have the bot just say
2016-11-06 19:26:26.920065|INFO    |ClientUI      |1  |Ignored text message by Tommy: niggerniggerniggerniggernigger
2016-11-06 19:26:28.373933|INFO    |ClientUI      |1  |Ignored text message by Tommy: over and over
2016-11-06 19:26:30.637456|INFO    |ClientUI      |1  |Ignored text message by Tommy: and have it follow jamal
2016-11-06 19:27:00.223784|INFO    |ClientUI      |1  |Ignored text message by SinusBot: what up bitches
2016-11-06 19:27:12.839723|INFO    |ClientUI      |1  |Ignored text message by SinusBot: what up bitches
2016-11-06 19:28:44.883935|INFO    |ClientUI      |1  |Ignored text message by Tommy: !dice
2016-11-06 19:28:50.724204|INFO    |ClientUI      |1  |Ignored text message by Oryx: !dice
2016-11-06 19:29:36.068863|INFO    |ClientUI      |1  |Ignored text message by Tommy: !dice
2016-11-06 19:29:36.185173|INFO    |ClientUI      |1  |Ignored text message by SinusBot: Tommy just rolled a 4 and got a 1
2016-11-06 19:29:44.728792|INFO    |ClientUI      |1  |Ignored text message by Tommy: !dice
2016-11-06 19:29:44.798491|INFO    |ClientUI      |1  |Ignored text message by SinusBot: Tommy just rolled a 4 and got a 2
2016-11-06 19:29:46.086403|INFO    |ClientUI      |1  |Ignored text message by Tommy: !dice
2016-11-06 19:29:46.155588|INFO    |ClientUI      |1  |Ignored text message by SinusBot: Tommy just rolled a 4 and got a 2
2016-11-06 19:29:53.501900|INFO    |ClientUI      |1  |Ignored text message by Tommy: !dice
2016-11-06 19:29:53.573089|INFO    |ClientUI      |1  |Ignored text message by SinusBot: Tommy just rolled a 4 and got a 1
2016-11-06 19:29:55.300683|INFO    |ClientUI      |1  |Ignored text message by Tommy: !dice
2016-11-06 19:29:55.357334|INFO    |ClientUI      |1  |Ignored text message by SinusBot: Tommy just rolled a 4 and got a 2
2016-11-06 19:30:04.013629|INFO    |ClientUI      |1  |Ignored text message by Tommy: !dice
2016-11-06 19:30:04.070103|INFO    |ClientUI      |1  |Ignored text message by SinusBot: Tommy just rolled a 4 and got a 3
2016-11-06 19:30:08.810213|INFO    |ClientUI      |1  |Connect status: Disconnected
2016-11-06 19:30:08.811215|INFO    |ClientUI      |1  |Disconnected or forced to leave, want autoreconnect = 0
