

==================================================================================================================================

2016-11-06 20:18:11.029462|INFO    |              |   |TeamSpeak 3 Client 3.0.19.4 (2016-07-14 10:16:58)
2016-11-06 20:18:11.029462|INFO    |              |   |SystemInformation: Windows 10 (14393) x64 (AMD or Intel) Binary: 64bit
2016-11-06 20:18:11.029462|INFO    |              |   |Using hardware aes
2016-11-06 20:18:11.040994|DEBUG   |Direct Sound  |   |setting timer resolution to 1ms
2016-11-06 20:18:11.087122|INFO    |              |   |Loading plugin: sinusbot_plugin
2016-11-06 20:18:11.263585|DEVELOP |Windows Audio Session|   |DeviceDeleteList::waitForDeletes - enter
2016-11-06 20:18:11.263585|DEVELOP |Windows Audio Session|   |DeviceDeleteList::waitForDeletes - leave
2016-11-06 20:18:11.293665|INFO    |              |   |*** Time [SERVERVIEWMANAGER]: 110
2016-11-06 20:18:11.334774|INFO    |Input         |   |Default monitoring enabled
2016-11-06 20:18:11.351318|INFO    |              |   |*** Time [MAINWINDOW]: 324
2016-11-06 20:18:11.352321|INFO    |              |   |*** Time [INIT]: 325
2016-11-06 20:18:11.366859|INFO    |ClientUI      |   |Qt version: 5.5.1
2016-11-06 20:18:11.366859|INFO    |ClientUI      |   |Using configuration location: C:\SinusBot\data\/ts3/1248dacf-08cf-4a1f-8e2d-115c8cc7a2ef/87397633-a296-429c-8df0-958c09e44a4c/\settings.db
2016-11-06 20:18:11.652620|INFO    |ClientUI      |   |ts3server: 63.251.20.99?port=17000&nickname=_i%20hate%20niggers&password=&channel=&channelpassword=
2016-11-06 20:18:11.653121|INFO    |ClientUI      |1  |Connect to server: 63.251.20.99
2016-11-06 20:18:11.654625|INFO    |ClientUI      |1  |Blacklist check ok
2016-11-06 20:18:11.654625|INFO    |ClientUI      |1  |Initiating connection: 63.251.20.99:17000 63.251.20.99
2016-11-06 20:18:11.736343|DEVELOP |Windows Audio Session|   |DeviceDeleteList::waitForDeletes - enter
2016-11-06 20:18:11.736343|DEVELOP |Windows Audio Session|   |DeviceDeleteList::waitForDeletes - leave
2016-11-06 20:18:11.903287|DEVELOP |Windows Audio Session|   |DeviceDeleteList::waitForDeletes - enter
2016-11-06 20:18:11.903287|DEVELOP |Windows Audio Session|   |DeviceDeleteList::waitForDeletes - leave
2016-11-06 20:18:11.903287|INFO    |PreProSpeex   |1  |Speex version: speex-1.2beta3
2016-11-06 20:18:11.992023|INFO    |ClientUI      |   |Last update check was: Sun Jan 1 00:00:01 2017
2016-11-06 20:18:11.993025|INFO    |              |   |Statistics report: Not yet, next report on Fri Nov 25 13:37:58 2016
2016-11-06 20:18:11.993025|INFO    |ClientUI      |1  |Connect status: Connecting
2016-11-06 20:18:12.112342|DEVELOP |PktHandler    |   |Puzzle solve time: 6
2016-11-06 20:18:12.338445|INFO    |ClientUI      |1  |Connect status: Connected
2016-11-06 20:18:12.341954|INFO    |              |   |Failed to read image C:/SinusBot/data//ts3/1248dacf-08cf-4a1f-8e2d-115c8cc7a2ef/87397633-a296-429c-8df0-958c09e44a4c//cache/remote/68foUjab96rtXBGXsqdtT3X93YYJDmDrPri2vHjGbXyUoVEINjSRWTHahzeNqdqP7loOqrNuOE2WQwSGDr0fnw==
2016-11-06 20:18:13.429346|INFO    |ClientUI      |1  |Connect status: Establishing connection
2016-11-06 20:18:13.544151|INFO    |Newsticker    |   |Newsticker next check: Sun Jan 1 00:00:01 2017
2016-11-06 20:18:13.550167|INFO    |ClientUI      |1  |Connect status: Connection established
2016-11-06 20:18:13.550668|INFO    |PermManager   |   |Loading permissions from cache
2016-11-06 20:18:13.610327|INFO    |              |   |Failed to read image C:/SinusBot/data//ts3/1248dacf-08cf-4a1f-8e2d-115c8cc7a2ef/87397633-a296-429c-8df0-958c09e44a4c//cache/remote/68foUjab96rtXBGXsqdtT3X93YYJDmDrPri2vHjGbXyUoVEINjSRWTHahzeNqdqP7loOqrNuOE2WQwSGDr0fnw==
2016-11-06 20:18:13.610327|INFO    |              |   |No image, refusing to display
2016-11-06 20:18:13.611831|INFO    |ClientUI      |1  |Ignored text message by _i hate niggers: what up nigga
2016-11-06 20:18:13.620355|INFO    |ClientUI      |   |Request already running, aborting avatar request
2016-11-06 20:18:13.630882|INFO    |ClientUI      |   |Request already running, aborting avatar request
2016-11-06 20:18:13.864503|INFO    |ClientUI      |1  |Ignored text message by _i hate niggers: what up nigga
2016-11-06 20:18:13.865005|INFO    |ClientUI      |1  |Ignored text message by _i hate niggers: what up nigga
2016-11-06 20:18:13.865005|INFO    |ClientUI      |1  |Ignored text message by _i hate niggers: what up nigga
2016-11-06 20:18:13.869045|INFO    |ClientUI      |1  |Ignored text message by _i hate niggers: what up nigga
2016-11-06 20:18:13.870520|INFO    |ClientUI      |1  |Ignored text message by _i hate niggers: what up nigga
2016-11-06 20:18:13.870520|INFO    |ClientUI      |1  |Ignored text message by _i hate niggers: what up nigga
2016-11-06 20:18:13.968330|WARNING |ClientUI      |   |Error, avatar md5 does not match. Cannot display image.2f4f639a794b1a7057560d4c42bdf5e3 <-> 01c0e4b94d55ab354c5d67886175b8b8
2016-11-06 20:20:14.948344|INFO    |ClientUI      |1  |Ignored text message by _i hate niggers: undefined
2016-11-06 20:20:26.862081|INFO    |ClientUI      |1  |Ignored text message by Tommy: [URL]https://www.youtube.com/watch?v=LB4HDHcMjiM[/URL]
2016-11-06 20:20:28.673400|INFO    |ClientUI      |1  |Ignored text message by Tommy: youtube [URL]https://www.youtube.com/watch?v=LB4HDHcMjiM[/URL]
2016-11-06 20:20:28.732557|INFO    |ClientUI      |1  |Ignored text message by _i hate niggers: Search failed (Bad request)
2016-11-06 20:20:28.769154|INFO    |ClientUI      |1  |Ignored text message by _i hate niggers: Search failed (Bad request)
2016-11-06 20:20:54.218285|INFO    |ClientUI      |1  |Ignored text message by _i hate niggers: undefined
2016-11-06 20:21:19.735120|INFO    |ClientUI      |1  |Ignored text message by Tommy: youtube [URL]https://www.youtube.com/watch?v=a9F67HmAaeg[/URL]
2016-11-06 20:21:19.830401|INFO    |ClientUI      |1  |Ignored text message by _i hate niggers: Search failed (Bad request)
2016-11-06 20:21:39.709381|INFO    |ClientUI      |1  |Ignored text message by _i hate niggers: wadup nigga we now playin: 01. illuminatro.mp3
2016-11-06 20:22:28.130516|INFO    |ClientUI      |1  |Ignored text message by _i hate niggers: wadup nigga we now playin: 02. Flexicution.mp3
2016-11-06 20:23:35.469293|INFO    |ClientUI      |1  |Ignored text message by Tommy: youtube [URL]https://www.youtube.com/watch?v=a9F67HmAaeg[/URL]
2016-11-06 20:23:35.719458|INFO    |ClientUI      |1  |Ignored text message by _i hate niggers: Search failed (Bad request)
2016-11-06 20:24:57.638918|INFO    |ClientUI      |1  |Ignored text message by _i hate niggers: undefined
2016-11-06 20:25:02.404595|INFO    |ClientUI      |1  |Ignored text message by Tommy: youtube [URL]https://www.youtube.com/watch?v=a9F67HmAaeg[/URL]
2016-11-06 20:25:02.717930|INFO    |ClientUI      |1  |Ignored text message by _i hate niggers: Search failed (Bad request)
2016-11-06 20:25:48.978134|INFO    |ClientUI      |1  |Ignored text message by Tommy: [URL]https://www.youtube.com/watch?v=a9F67HmAaeg[/URL]
2016-11-06 20:25:49.080406|INFO    |ClientUI      |1  |Ignored text message by _i hate niggers: Search failed (Bad request)
2016-11-06 20:25:50.159777|INFO    |ClientUI      |1  |Ignored text message by Tommy: youtubehttps://www.youtube.com/watch?v=a9F67HmAaeg
2016-11-06 20:25:50.274080|INFO    |ClientUI      |1  |Ignored text message by _i hate niggers: Search failed (Bad request)
2016-11-06 20:26:07.493504|INFO    |ClientUI      |1  |Ignored text message by _i hate niggers: wadup nigga we now playin: 03. The Jam.mp3
2016-11-06 20:26:23.770422|INFO    |ClientUI      |1  |Ignored text message by _i hate niggers: undefined
2016-11-06 20:27:40.335324|INFO    |ClientUI      |1  |Connect status: Disconnected
2016-11-06 20:27:40.336327|INFO    |ClientUI      |1  |Disconnected or forced to leave, want autoreconnect = 0
2016-11-06 20:27:40.985553|DEVELOP |Windows Audio Session|   |DeviceDeleteList::waitForDeletes - enter
2016-11-06 20:27:40.985553|DEVELOP |Windows Audio Session|   |DeviceDeleteList::waitForDeletes - leave
2016-11-06 20:27:42.347678|DEVELOP |Windows Audio Session|   |DeviceDeleteList::waitForDeletes - enter
2016-11-06 20:27:42.347678|DEVELOP |Windows Audio Session|   |DeviceDeleteList::waitForDeletes - leave
2016-11-06 20:27:42.498122|DEVELOP |Windows Audio Session|   |DeviceDeleteList::waitForDeletes - enter
2016-11-06 20:27:42.498122|DEVELOP |Windows Audio Session|   |DeviceDeleteList::waitForDeletes - leave
2016-11-06 20:27:42.545203|DEVELOP |Windows Audio Session|   |DeviceDeleteList::clearQueue - enter
