

==================================================================================================================================

2016-11-06 23:54:01.316596|INFO    |              |   |TeamSpeak 3 Client 3.0.19.4 (2016-07-14 10:16:58)
2016-11-06 23:54:01.317097|INFO    |              |   |SystemInformation: Windows 10 (14393) x64 (AMD or Intel) Binary: 64bit
2016-11-06 23:54:01.317097|INFO    |              |   |Using hardware aes
2016-11-06 23:54:01.328628|DEBUG   |Direct Sound  |   |setting timer resolution to 1ms
2016-11-06 23:54:01.380265|INFO    |              |   |Loading plugin: sinusbot_plugin
2016-11-06 23:54:01.568265|DEVELOP |Windows Audio Session|   |DeviceDeleteList::waitForDeletes - enter
2016-11-06 23:54:01.568265|DEVELOP |Windows Audio Session|   |DeviceDeleteList::waitForDeletes - leave
2016-11-06 23:54:01.641464|INFO    |Input         |   |Default monitoring enabled
2016-11-06 23:54:01.659508|INFO    |              |   |*** Time [MAINWINDOW]: 346
2016-11-06 23:54:01.660511|INFO    |              |   |*** Time [INIT]: 347
2016-11-06 23:54:01.676052|INFO    |ClientUI      |   |Qt version: 5.5.1
2016-11-06 23:54:01.676052|INFO    |ClientUI      |   |Using configuration location: C:\SinusBot\data\/ts3/1248dacf-08cf-4a1f-8e2d-115c8cc7a2ef/87397633-a296-429c-8df0-958c09e44a4c/\settings.db
2016-11-06 23:54:01.960810|INFO    |ClientUI      |   |ts3server: 63.251.20.99?port=17000&nickname=bot%20boy&password=&cid=245&channelpassword=
2016-11-06 23:54:01.961311|INFO    |ClientUI      |1  |Connect to server: 63.251.20.99
2016-11-06 23:54:01.962815|INFO    |ClientUI      |1  |Blacklist check ok
2016-11-06 23:54:01.962815|INFO    |ClientUI      |1  |Initiating connection: 63.251.20.99:17000 63.251.20.99
2016-11-06 23:54:02.033503|DEVELOP |Windows Audio Session|   |DeviceDeleteList::waitForDeletes - enter
2016-11-06 23:54:02.033503|DEVELOP |Windows Audio Session|   |DeviceDeleteList::waitForDeletes - leave
2016-11-06 23:54:02.191924|DEVELOP |Windows Audio Session|   |DeviceDeleteList::waitForDeletes - enter
2016-11-06 23:54:02.191924|DEVELOP |Windows Audio Session|   |DeviceDeleteList::waitForDeletes - leave
2016-11-06 23:54:02.191924|INFO    |PreProSpeex   |1  |Speex version: speex-1.2beta3
2016-11-06 23:54:02.269631|INFO    |ClientUI      |   |Last update check was: Sun Jan 1 00:00:01 2017
2016-11-06 23:54:02.270133|INFO    |              |   |Statistics report: Not yet, next report on Fri Nov 25 13:37:58 2016
2016-11-06 23:54:02.270634|INFO    |ClientUI      |1  |Connect status: Connecting
2016-11-06 23:54:02.419028|DEVELOP |PktHandler    |   |Puzzle solve time: 6
2016-11-06 23:54:02.732863|INFO    |Newsticker    |   |Newsticker next check: Sun Jan 1 00:00:01 2017
2016-11-06 23:54:02.735370|INFO    |ClientUI      |1  |Connect status: Connected
2016-11-06 23:54:02.736874|INFO    |              |   |Failed to read image C:/SinusBot/data//ts3/1248dacf-08cf-4a1f-8e2d-115c8cc7a2ef/87397633-a296-429c-8df0-958c09e44a4c//cache/remote/68foUjab96rtXBGXsqdtT3X93YYJDmDrPri2vHjGbXyUoVEINjSRWTHahzeNqdqP7loOqrNuOE2WQwSGDr0fnw==
2016-11-06 23:54:03.825269|INFO    |ClientUI      |1  |Connect status: Establishing connection
2016-11-06 23:54:03.833792|INFO    |ClientUI      |1  |Connect status: Connection established
2016-11-06 23:54:03.834794|INFO    |PermManager   |   |Loading permissions from cache
2016-11-06 23:54:03.985195|INFO    |              |   |Failed to read image C:/SinusBot/data//ts3/1248dacf-08cf-4a1f-8e2d-115c8cc7a2ef/87397633-a296-429c-8df0-958c09e44a4c//cache/remote/68foUjab96rtXBGXsqdtT3X93YYJDmDrPri2vHjGbXyUoVEINjSRWTHahzeNqdqP7loOqrNuOE2WQwSGDr0fnw==
2016-11-06 23:54:03.985195|INFO    |              |   |No image, refusing to display
2016-11-06 23:54:04.025803|INFO    |ClientUI      |1  |Ignored text message by bot boy: what up nigga
2016-11-06 23:54:04.030315|INFO    |ClientUI      |   |Request already running, aborting avatar request
2016-11-06 23:54:04.041344|INFO    |ClientUI      |   |Request already running, aborting avatar request
2016-11-06 23:54:04.196256|INFO    |ClientUI      |1  |Ignored text message by bot boy: what up nigga
2016-11-06 23:54:04.196758|INFO    |ClientUI      |1  |Ignored text message by bot boy: what up nigga
2016-11-06 23:54:04.197258|INFO    |ClientUI      |1  |Ignored text message by bot boy: what up nigga
2016-11-06 23:54:04.198261|INFO    |ClientUI      |1  |Ignored text message by bot boy: what up nigga
2016-11-06 23:54:04.229845|INFO    |ClientUI      |1  |Ignored text message by bot boy: what up nigga
2016-11-06 23:54:04.230346|INFO    |ClientUI      |1  |Ignored text message by bot boy: what up nigga
2016-11-06 23:54:04.230848|INFO    |ClientUI      |1  |Ignored text message by bot boy: what up nigga
2016-11-06 23:54:04.230848|INFO    |ClientUI      |1  |Ignored text message by bot boy: what up nigga
2016-11-06 23:54:04.232352|INFO    |ClientUI      |1  |Ignored text message by bot boy: what up nigga
2016-11-06 23:54:04.232352|INFO    |ClientUI      |1  |Ignored text message by bot boy: what up nigga
2016-11-06 23:54:04.394784|WARNING |ClientUI      |   |Error, avatar md5 does not match. Cannot display image.2f4f639a794b1a7057560d4c42bdf5e3 <-> 01c0e4b94d55ab354c5d67886175b8b8
2016-11-06 23:54:05.891791|INFO    |ClientUI      |1  |Ignored text message by Tommy: !come
2016-11-06 23:57:30.721776|INFO    |ClientUI      |1  |Ignored text message by Aaron: nigger
2016-11-06 23:57:35.922110|INFO    |ClientUI      |1  |Ignored text message by Aaron: you&apos;re a dirty nigger
2016-11-06 23:58:36.404519|INFO    |ClientUI      |1  |Connect status: Disconnected
2016-11-06 23:58:36.405525|INFO    |ClientUI      |1  |Disconnected or forced to leave, want autoreconnect = 0
