

==================================================================================================================================

2016-11-06 20:28:47.641373|INFO    |              |   |TeamSpeak 3 Client 3.0.19.4 (2016-07-14 10:16:58)
2016-11-06 20:28:47.641373|INFO    |              |   |SystemInformation: Windows 10 (14393) x64 (AMD or Intel) Binary: 64bit
2016-11-06 20:28:47.641373|INFO    |              |   |Using hardware aes
2016-11-06 20:28:47.649392|DEBUG   |Direct Sound  |   |setting timer resolution to 1ms
2016-11-06 20:28:47.693055|INFO    |              |   |Loading plugin: sinusbot_plugin
2016-11-06 20:28:47.877500|DEVELOP |Windows Audio Session|   |DeviceDeleteList::waitForDeletes - enter
2016-11-06 20:28:47.877500|DEVELOP |Windows Audio Session|   |DeviceDeleteList::waitForDeletes - leave
2016-11-06 20:28:47.910086|INFO    |              |   |*** Time [SERVERVIEWMANAGER]: 118
2016-11-06 20:28:47.966737|INFO    |Input         |   |Default monitoring enabled
2016-11-06 20:28:47.991305|INFO    |              |   |*** Time [MAINWINDOW]: 352
2016-11-06 20:28:47.992806|INFO    |              |   |*** Time [INIT]: 354
2016-11-06 20:28:48.009852|INFO    |ClientUI      |   |Qt version: 5.5.1
2016-11-06 20:28:48.010354|INFO    |ClientUI      |   |Using configuration location: C:\SinusBot\data\/ts3/1248dacf-08cf-4a1f-8e2d-115c8cc7a2ef/87397633-a296-429c-8df0-958c09e44a4c/\settings.db
2016-11-06 20:28:48.293105|INFO    |ClientUI      |   |ts3server: 63.251.20.99?port=17000&nickname=_i%20hate%20niggers&password=&channel=&channelpassword=
2016-11-06 20:28:48.293607|INFO    |ClientUI      |1  |Connect to server: 63.251.20.99
2016-11-06 20:28:48.295111|INFO    |ClientUI      |1  |Blacklist check ok
2016-11-06 20:28:48.295111|INFO    |ClientUI      |1  |Initiating connection: 63.251.20.99:17000 63.251.20.99
2016-11-06 20:28:48.417937|DEVELOP |Windows Audio Session|   |DeviceDeleteList::waitForDeletes - enter
2016-11-06 20:28:48.418439|DEVELOP |Windows Audio Session|   |DeviceDeleteList::waitForDeletes - leave
2016-11-06 20:28:48.625489|DEVELOP |Windows Audio Session|   |DeviceDeleteList::waitForDeletes - enter
2016-11-06 20:28:48.625489|DEVELOP |Windows Audio Session|   |DeviceDeleteList::waitForDeletes - leave
2016-11-06 20:28:48.625489|INFO    |PreProSpeex   |1  |Speex version: speex-1.2beta3
2016-11-06 20:28:48.713223|INFO    |ClientUI      |   |Last update check was: Sun Jan 1 00:00:01 2017
2016-11-06 20:28:48.713724|INFO    |              |   |Statistics report: Not yet, next report on Fri Nov 25 13:37:58 2016
2016-11-06 20:28:48.714226|INFO    |ClientUI      |1  |Connect status: Connecting
2016-11-06 20:28:48.843068|DEVELOP |PktHandler    |   |Puzzle solve time: 7
2016-11-06 20:28:49.141863|INFO    |Newsticker    |   |Newsticker next check: Sun Jan 1 00:00:01 2017
2016-11-06 20:28:49.144370|INFO    |ClientUI      |1  |Connect status: Connected
2016-11-06 20:28:49.145874|INFO    |              |   |Failed to read image C:/SinusBot/data//ts3/1248dacf-08cf-4a1f-8e2d-115c8cc7a2ef/87397633-a296-429c-8df0-958c09e44a4c//cache/remote/68foUjab96rtXBGXsqdtT3X93YYJDmDrPri2vHjGbXyUoVEINjSRWTHahzeNqdqP7loOqrNuOE2WQwSGDr0fnw==
2016-11-06 20:28:50.242791|INFO    |ClientUI      |1  |Connect status: Establishing connection
2016-11-06 20:28:50.250312|INFO    |ClientUI      |1  |Connect status: Connection established
2016-11-06 20:28:50.251314|INFO    |PermManager   |   |Loading permissions from cache
2016-11-06 20:28:50.317992|INFO    |ClientUI      |1  |Ignored text message by _i hate niggers: what up nigga
2016-11-06 20:28:50.368626|INFO    |ClientUI      |1  |Ignored text message by _i hate niggers: what up nigga
2016-11-06 20:28:50.368626|INFO    |ClientUI      |1  |Ignored text message by _i hate niggers: what up nigga
2016-11-06 20:28:50.396701|INFO    |              |   |Failed to read image C:/SinusBot/data//ts3/1248dacf-08cf-4a1f-8e2d-115c8cc7a2ef/87397633-a296-429c-8df0-958c09e44a4c//cache/remote/68foUjab96rtXBGXsqdtT3X93YYJDmDrPri2vHjGbXyUoVEINjSRWTHahzeNqdqP7loOqrNuOE2WQwSGDr0fnw==
2016-11-06 20:28:50.397203|INFO    |              |   |No image, refusing to display
2016-11-06 20:28:50.574173|INFO    |ClientUI      |1  |Ignored text message by _i hate niggers: what up nigga
2016-11-06 20:28:50.574677|INFO    |ClientUI      |1  |Ignored text message by _i hate niggers: what up nigga
2016-11-06 20:28:50.575678|INFO    |ClientUI      |1  |Ignored text message by _i hate niggers: what up nigga
2016-11-06 20:28:50.576680|INFO    |ClientUI      |1  |Ignored text message by _i hate niggers: what up nigga
2016-11-06 20:28:50.699506|WARNING |ClientUI      |   |Error, avatar md5 does not match. Cannot display image.2f4f639a794b1a7057560d4c42bdf5e3 <-> 01c0e4b94d55ab354c5d67886175b8b8
2016-11-06 20:29:05.708086|INFO    |ClientUI      |1  |Ignored text message by Dela: whp
2016-11-06 20:29:07.133866|INFO    |ClientUI      |1  |Ignored text message by Dela: is
2016-11-06 20:29:07.546464|INFO    |ClientUI      |1  |Ignored text message by Dela: this
2016-11-06 20:30:11.525481|INFO    |ClientUI      |1  |Ignored text message by _i hate niggers: undefined
2016-11-06 20:30:29.628217|INFO    |ClientUI      |1  |Ignored text message by _i hate niggers: wadup nigga we now playin: 01. illuminatro.mp3
2016-11-06 20:30:36.143709|INFO    |ClientUI      |1  |Ignored text message by Oryx: !skip
2016-11-06 20:30:36.206879|INFO    |ClientUI      |1  |Ignored text message by _i hate niggers:  -- Vote has passed, skipping... -- 
2016-11-06 20:30:36.864125|INFO    |ClientUI      |1  |Ignored text message by _i hate niggers: wadup nigga we now playin: 02. Flexicution.mp3
2016-11-06 20:30:39.624969|INFO    |ClientUI      |1  |Ignored text message by Oryx: !skip
2016-11-06 20:30:39.692649|INFO    |ClientUI      |1  |Ignored text message by _i hate niggers:  -- Vote has passed, skipping... -- 
2016-11-06 20:30:40.529878|INFO    |ClientUI      |1  |Ignored text message by _i hate niggers: wadup nigga we now playin: 03. The Jam.mp3
2016-11-06 20:32:28.834181|INFO    |ClientUI      |1  |Ignored text message by _i hate niggers: undefined
2016-11-06 20:32:53.037692|INFO    |ClientUI      |1  |Ignored text message by _i hate niggers: undefined
2016-11-06 20:33:12.492459|INFO    |ClientUI      |1  |Ignored text message by _i hate niggers: undefined
2016-11-06 20:33:22.691088|INFO    |ClientUI      |1  |Ignored text message by _i hate niggers: undefined
2016-11-06 20:34:39.026785|INFO    |ClientUI      |1  |Ignored text message by _i hate niggers: wadup nigga we now playin: 02. Flexicution.mp3
2016-11-06 20:35:10.024239|INFO    |ClientUI      |1  |Connect status: Disconnected
2016-11-06 20:35:10.025242|INFO    |ClientUI      |1  |Disconnected or forced to leave, want autoreconnect = 0
