

==================================================================================================================================

2016-11-06 19:39:34.031868|INFO    |              |   |TeamSpeak 3 Client 3.0.19.4 (2016-07-14 10:16:58)
2016-11-06 19:39:34.031868|INFO    |              |   |SystemInformation: Windows 10 (14393) x64 (AMD or Intel) Binary: 64bit
2016-11-06 19:39:34.031868|INFO    |              |   |Using hardware aes
2016-11-06 19:39:34.044402|DEBUG   |Direct Sound  |   |setting timer resolution to 1ms
2016-11-06 19:39:34.094033|INFO    |              |   |Loading plugin: sinusbot_plugin
2016-11-06 19:39:34.274514|DEVELOP |Windows Audio Session|   |DeviceDeleteList::waitForDeletes - enter
2016-11-06 19:39:34.274514|DEVELOP |Windows Audio Session|   |DeviceDeleteList::waitForDeletes - leave
2016-11-06 19:39:34.306097|INFO    |              |   |*** Time [SERVERVIEWMANAGER]: 105
2016-11-06 19:39:34.350716|INFO    |Input         |   |Default monitoring enabled
2016-11-06 19:39:34.368764|INFO    |              |   |*** Time [MAINWINDOW]: 340
2016-11-06 19:39:34.369767|INFO    |              |   |*** Time [INIT]: 341
2016-11-06 19:39:34.383808|INFO    |ClientUI      |   |Qt version: 5.5.1
2016-11-06 19:39:34.383808|INFO    |ClientUI      |   |Using configuration location: C:\SinusBot\data\/ts3/1248dacf-08cf-4a1f-8e2d-115c8cc7a2ef/87397633-a296-429c-8df0-958c09e44a4c/\settings.db
2016-11-06 19:39:34.670065|INFO    |ClientUI      |   |ts3server: 63.251.20.99?port=17000&nickname=the%20reales%20nigga&password=&channel=&channelpassword=
2016-11-06 19:39:34.670567|INFO    |ClientUI      |1  |Connect to server: 63.251.20.99
2016-11-06 19:39:34.675580|INFO    |ClientUI      |1  |Blacklist check ok
2016-11-06 19:39:34.675580|INFO    |ClientUI      |1  |Initiating connection: 63.251.20.99:17000 63.251.20.99
2016-11-06 19:39:34.781361|DEVELOP |Windows Audio Session|   |DeviceDeleteList::waitForDeletes - enter
2016-11-06 19:39:34.781361|DEVELOP |Windows Audio Session|   |DeviceDeleteList::waitForDeletes - leave
2016-11-06 19:39:34.939790|DEVELOP |Windows Audio Session|   |DeviceDeleteList::waitForDeletes - enter
2016-11-06 19:39:34.939790|DEVELOP |Windows Audio Session|   |DeviceDeleteList::waitForDeletes - leave
2016-11-06 19:39:34.939790|INFO    |PreProSpeex   |1  |Speex version: speex-1.2beta3
2016-11-06 19:39:35.027015|INFO    |ClientUI      |   |Last update check was: Sun Jan 1 00:00:01 2017
2016-11-06 19:39:35.027516|INFO    |              |   |Statistics report: Not yet, next report on Fri Nov 25 13:37:58 2016
2016-11-06 19:39:35.027516|INFO    |ClientUI      |1  |Connect status: Connecting
2016-11-06 19:39:35.145330|DEVELOP |PktHandler    |   |Puzzle solve time: 6
2016-11-06 19:39:35.448135|INFO    |Newsticker    |   |Newsticker next check: Sun Jan 1 00:00:01 2017
2016-11-06 19:39:35.451143|INFO    |ClientUI      |1  |Connect status: Connected
2016-11-06 19:39:35.453149|INFO    |              |   |Failed to read image C:/SinusBot/data//ts3/1248dacf-08cf-4a1f-8e2d-115c8cc7a2ef/87397633-a296-429c-8df0-958c09e44a4c//cache/remote/68foUjab96rtXBGXsqdtT3X93YYJDmDrPri2vHjGbXyUoVEINjSRWTHahzeNqdqP7loOqrNuOE2WQwSGDr0fnw==
2016-11-06 19:39:36.554579|INFO    |ClientUI      |1  |Connect status: Establishing connection
2016-11-06 19:39:36.566611|INFO    |ClientUI      |1  |Connect status: Connection established
2016-11-06 19:39:36.567613|INFO    |PermManager   |   |Loading permissions from cache
2016-11-06 19:39:36.683923|INFO    |ClientUI      |   |Request already running, aborting avatar request
2016-11-06 19:39:36.692947|INFO    |ClientUI      |   |Request already running, aborting avatar request
2016-11-06 19:39:36.735560|INFO    |              |   |Failed to read image C:/SinusBot/data//ts3/1248dacf-08cf-4a1f-8e2d-115c8cc7a2ef/87397633-a296-429c-8df0-958c09e44a4c//cache/remote/68foUjab96rtXBGXsqdtT3X93YYJDmDrPri2vHjGbXyUoVEINjSRWTHahzeNqdqP7loOqrNuOE2WQwSGDr0fnw==
2016-11-06 19:39:36.735560|INFO    |              |   |No image, refusing to display
2016-11-06 19:39:36.923559|WARNING |ClientUI      |   |Error, avatar md5 does not match. Cannot display image.2f4f639a794b1a7057560d4c42bdf5e3 <-> 01c0e4b94d55ab354c5d67886175b8b8
2016-11-06 19:42:33.112328|INFO    |ClientUI      |1  |Ignored text message by Tommy: !dice
2016-11-06 19:42:33.171988|INFO    |ClientUI      |1  |Ignored text message by the reales nigga: Tommy just rolled a 4 and got a 2
2016-11-06 19:42:38.693674|INFO    |ClientUI      |1  |Connect status: Disconnected
2016-11-06 19:42:38.694676|INFO    |ClientUI      |1  |Disconnected or forced to leave, want autoreconnect = 0
